This is pdfTeX, Version 3.14159265-2.6-1.40.18 (TeX Live 2017/Debian) (preloaded format=latex 2017.12.11)  11 DEC 2017 12:11
entering extended mode
 restricted \write18 enabled.
 %&-line parsing enabled.
**\makeatletter\def\HCode{\futurelet\HCode\HChar}\def\HChar{\ifx"\HCode\def\HCo
de"##1"{\Link##1}\expandafter\HCode\else\expandafter\Link\fi}\def\Link#1.a.b.c.
{\g@addto@macro\@documentclasshook{\RequirePackage[#1,html]{tex4ht}}\let\HCode\
documentstyle\def\documentstyle{\let\documentstyle\HCode\expandafter\def\csname
 tex4ht\endcsname{#1,html}\def\HCode####1{\documentstyle[tex4ht,}\@ifnextchar[{
\HCode}{\documentstyle[tex4ht]}}}\makeatother\HCode tex4ht.cfg.a.b.c.\input  ..
/erdos-hajnal-DMTCS..tex

! Emergency stop.
<*> ...fg.a.b.c.\input  ../erdos-hajnal-DMTCS..tex
                                                  
End of file on the terminal!

 
Here is how much of TeX's memory you used:
 8 strings out of 494932
 145 string characters out of 6180876
 45733 words of memory out of 5000000
 3416 multiletter control sequences out of 15000+600000
 3640 words of font info for 14 fonts, out of 8000000 for 9000
 14 hyphenation exceptions out of 8191
 4i,0n,3p,506b,8s stack positions out of 5000i,500n,10000p,200000b,80000s
No pages of output.
